<?xml version="1.0" encoding="UTF-8"?>
<!-- Generated by org.testng.reporters.JUnitReportReporter -->
<testsuite hostname="BVIMUMLAP-157" failures="0" tests="1" name="javascriptExecutor.refresh" time="12.973" errors="0" timestamp="2024-02-10T11:23:04 IST" skipped="0">
  <testcase classname="javascriptExecutor.refresh" name="demo" time="12.973"/>
  <system-out/>
</testsuite> <!-- javascriptExecutor.refresh -->
