<?xml version="1.0" encoding="UTF-8"?>
<!-- Generated by org.testng.reporters.JUnitReportReporter -->
<testsuite hostname="BVIMUMLAP-157" failures="0" tests="1" name="TestNg.Test2" time="16.901" errors="0" timestamp="2024-02-13T18:56:28 IST" skipped="0">
  <testcase classname="TestNg.Test2" name="tc3" time="16.901"/>
  <system-out/>
</testsuite> <!-- TestNg.Test2 -->
