<?xml version="1.0" encoding="UTF-8"?>
<!-- Generated by org.testng.reporters.JUnitReportReporter -->
<testsuite hostname="BVIMUMLAP-157" failures="0" tests="1" name="DataDriven.test0" time="4.454" errors="0" timestamp="2024-02-11T21:35:40 IST" skipped="0">
  <testcase classname="DataDriven.test0" name="demo" time="4.454"/>
  <system-out/>
</testsuite> <!-- DataDriven.test0 -->
