<?xml version="1.0" encoding="UTF-8"?>
<!-- Generated by org.testng.reporters.JUnitReportReporter -->
<testsuite hostname="BVIMUMLAP-157" failures="0" tests="1" name="Actions.draganddrop" time="10.055" errors="0" timestamp="2024-02-11T08:17:25 IST" skipped="0">
  <testcase classname="Actions.draganddrop" name="demo" time="10.055"/>
  <system-out/>
</testsuite> <!-- Actions.draganddrop -->
