<?xml version="1.0" encoding="UTF-8"?>
<!-- Generated by org.testng.reporters.JUnitReportReporter -->
<testsuite hostname="BVIMUMLAP-157" failures="0" tests="1" name="javascriptExecutor.test1" time="7.521" errors="0" timestamp="2024-02-10T08:45:41 IST" skipped="0">
  <testcase classname="javascriptExecutor.test1" name="demo" time="7.521"/>
  <system-out/>
</testsuite> <!-- javascriptExecutor.test1 -->
