<?xml version="1.0" encoding="UTF-8"?>
<!-- Generated by org.testng.reporters.JUnitReportReporter -->
<testsuite hostname="BVIMUMLAP-157" failures="0" tests="1" name="javascriptExecutor.testo" time="13.021" errors="0" timestamp="2024-02-10T08:48:47 IST" skipped="0">
  <testcase classname="javascriptExecutor.testo" name="demo" time="13.021"/>
  <system-out/>
</testsuite> <!-- javascriptExecutor.testo -->
