<?xml version="1.0" encoding="UTF-8"?>
<!-- Generated by org.testng.reporters.JUnitReportReporter -->
<testsuite hostname="BVIMUMLAP-157" failures="0" tests="1" name="javascriptExecutor.withoutusingclickmethod" time="10.113" errors="0" timestamp="2024-02-10T11:14:27 IST" skipped="0">
  <testcase classname="javascriptExecutor.withoutusingclickmethod" name="demo" time="10.113"/>
  <system-out/>
</testsuite> <!-- javascriptExecutor.withoutusingclickmethod -->
