<?xml version="1.0" encoding="UTF-8"?>
<!-- Generated by org.testng.reporters.JUnitReportReporter -->
<testsuite hostname="BVIMUMLAP-157" failures="0" tests="1" name="scripts.test0" time="0.487" errors="0" timestamp="2024-02-09T09:00:47 IST" skipped="0">
  <testcase classname="scripts.test0" name="tc1" time="0.487"/>
  <system-out>
    <![CDATA[Hello java]]>
  </system-out>
</testsuite> <!-- scripts.test0 -->
