<?xml version="1.0" encoding="UTF-8"?>
<!-- Generated by org.testng.reporters.JUnitReportReporter -->
<testsuite hostname="BVIMUMLAP-157" failures="0" tests="1" name="javascriptExecutor.withoutcordinates" time="9.282" errors="0" timestamp="2024-02-10T08:53:55 IST" skipped="0">
  <testcase classname="javascriptExecutor.withoutcordinates" name="demo" time="9.282"/>
  <system-out/>
</testsuite> <!-- javascriptExecutor.withoutcordinates -->
