<?xml version="1.0" encoding="UTF-8"?>
<!-- Generated by org.testng.reporters.JUnitReportReporter -->
<testsuite hostname="BVIMUMLAP-157" failures="0" tests="1" name="TestNg.TestNg_Group" time="0.012" errors="0" timestamp="2024-02-13T20:59:38 IST" skipped="0">
  <testcase classname="TestNg.TestNg_Group" name="deletecustomer" time="0.012"/>
  <system-out>
    <![CDATA[delete]]>
  </system-out>
</testsuite> <!-- TestNg.TestNg_Group -->
