<?xml version="1.0" encoding="UTF-8"?>
<!-- Generated by org.testng.reporters.JUnitReportReporter -->
<testsuite hostname="BVIMUMLAP-157" failures="0" tests="3" name="TestNg.dataprovider" time="31.974" errors="0" timestamp="2024-02-13T21:47:27 IST" skipped="0">
  <testcase classname="TestNg.dataprovider" name="test1" time="9.168"/>
  <system-out/>
  <testcase classname="TestNg.dataprovider" name="test1" time="9.051"/>
  <system-out/>
  <testcase classname="TestNg.dataprovider" name="test1" time="13.755"/>
  <system-out/>
</testsuite> <!-- TestNg.dataprovider -->
