<?xml version="1.0" encoding="UTF-8"?>
<!-- Generated by org.testng.reporters.JUnitReportReporter -->
<testsuite hostname="BVIMUMLAP-157" failures="0" tests="1" name="TestNg.Test0" time="5.094" errors="0" timestamp="2024-02-13T18:56:28 IST" skipped="0">
  <testcase classname="TestNg.Test0" name="tc1" time="5.094"/>
  <system-out/>
</testsuite> <!-- TestNg.Test0 -->
