<?xml version="1.0" encoding="UTF-8"?>
<!-- Generated by org.testng.reporters.JUnitReportReporter -->
<testsuite hostname="BVIMUMLAP-157" failures="0" tests="1" name="javascriptExecutor.enabled_disabled" time="5.237" errors="0" timestamp="2024-02-10T11:55:37 IST" skipped="0">
  <testcase classname="javascriptExecutor.enabled_disabled" name="demo" time="5.237"/>
  <system-out/>
</testsuite> <!-- javascriptExecutor.enabled_disabled -->
