<?xml version="1.0" encoding="UTF-8"?>
<!-- Generated by org.testng.reporters.JUnitReportReporter -->
<testsuite hostname="BVIMUMLAP-157" failures="0" tests="1" name="chromeoptions.test0" time="33.604" errors="0" timestamp="2024-02-10T20:47:41 IST" skipped="0">
  <testcase classname="chromeoptions.test0" name="demo" time="33.604"/>
  <system-out/>
</testsuite> <!-- chromeoptions.test0 -->
