<?xml version="1.0" encoding="UTF-8"?>
<!-- Generated by org.testng.reporters.JUnitReportReporter -->
<testsuite hostname="BVIMUMLAP-157" failures="0" tests="1" name="Actions.rightclick" time="8.383" errors="0" timestamp="2024-02-11T08:30:13 IST" skipped="0">
  <testcase classname="Actions.rightclick" name="demo" time="8.383"/>
  <system-out/>
</testsuite> <!-- Actions.rightclick -->
